[20:54:36] GGJohny (uuid: 595be0e3-2367-3055-86c2-8604cb3c81bc): :v
[20:54:39] GGJohny (uuid: 595be0e3-2367-3055-86c2-8604cb3c81bc): :v
[20:56:26] GGJohny (uuid: 595be0e3-2367-3055-86c2-8604cb3c81bc): :v
[20:56:32] GGJohny (uuid: 595be0e3-2367-3055-86c2-8604cb3c81bc): :v
[20:56:39] GGJohny (uuid: 595be0e3-2367-3055-86c2-8604cb3c81bc): :v
[20:56:48] GGJohny (uuid: 595be0e3-2367-3055-86c2-8604cb3c81bc): :v
[20:56:59] GGJohny (uuid: 595be0e3-2367-3055-86c2-8604cb3c81bc): :v
[20:57:08] GGJohny (uuid: 595be0e3-2367-3055-86c2-8604cb3c81bc): hello
[20:57:09] GGJohny (uuid: 595be0e3-2367-3055-86c2-8604cb3c81bc): :v
[20:57:22] GGJohny (uuid: 595be0e3-2367-3055-86c2-8604cb3c81bc): :v
[22:28:35] GGJohny (uuid: 595be0e3-2367-3055-86c2-8604cb3c81bc): :v
[22:28:41] GGJohny (uuid: 595be0e3-2367-3055-86c2-8604cb3c81bc): bruh
[22:29:57] GGJohny (uuid: 595be0e3-2367-3055-86c2-8604cb3c81bc): :v
[22:30:03] GGJohny (uuid: 595be0e3-2367-3055-86c2-8604cb3c81bc): FUCK
[22:35:16] GGJohny (uuid: 595be0e3-2367-3055-86c2-8604cb3c81bc): :v
[22:35:27] GGJohny (uuid: 595be0e3-2367-3055-86c2-8604cb3c81bc): :v
[22:36:48] GGJohny (uuid: 595be0e3-2367-3055-86c2-8604cb3c81bc): :v
[22:37:14] GGJohny (uuid: 595be0e3-2367-3055-86c2-8604cb3c81bc): :v
[22:37:21] GGJohny (uuid: 595be0e3-2367-3055-86c2-8604cb3c81bc): :v
[22:37:49] GGJohny (uuid: 595be0e3-2367-3055-86c2-8604cb3c81bc): :v
[22:38:25] GGJohny (uuid: 595be0e3-2367-3055-86c2-8604cb3c81bc): :v
[22:38:40] GGJohny (uuid: 595be0e3-2367-3055-86c2-8604cb3c81bc): :v
[22:39:22] GGJohny (uuid: 595be0e3-2367-3055-86c2-8604cb3c81bc): :v
[22:39:30] GGJohny (uuid: 595be0e3-2367-3055-86c2-8604cb3c81bc): :v
[22:39:54] GGJohny (uuid: 595be0e3-2367-3055-86c2-8604cb3c81bc): bruh
[22:49:48] GGJohny (uuid: 595be0e3-2367-3055-86c2-8604cb3c81bc): hi
[22:49:51] GGJohny (uuid: 595be0e3-2367-3055-86c2-8604cb3c81bc): uh
[22:51:51] GGJohny (uuid: 595be0e3-2367-3055-86c2-8604cb3c81bc): :v
[22:54:47] GGJohny (uuid: 595be0e3-2367-3055-86c2-8604cb3c81bc): :v
[23:04:04] GGJohny (uuid: 595be0e3-2367-3055-86c2-8604cb3c81bc): hi
[23:17:48] GGJohny (uuid: 595be0e3-2367-3055-86c2-8604cb3c81bc): uh
[23:17:50] GGJohny (uuid: 595be0e3-2367-3055-86c2-8604cb3c81bc): oh
[23:17:53] GGJohny (uuid: 595be0e3-2367-3055-86c2-8604cb3c81bc): fuck
[23:19:29] GGJohny (uuid: 595be0e3-2367-3055-86c2-8604cb3c81bc): :v
[23:21:17] GGJohny (uuid: 595be0e3-2367-3055-86c2-8604cb3c81bc): :)
[23:24:32] GGJohny (uuid: 595be0e3-2367-3055-86c2-8604cb3c81bc): im in my mom's car, broom broom
[23:32:10] GGJohny (uuid: 595be0e3-2367-3055-86c2-8604cb3c81bc): bruh
